Arguments: 
  /Users/travisbumgarner/.nvm/versions/node/v16.17.0/bin/node /Users/travisbumgarner/.nvm/versions/node/v16.17.0/bin/yarn

PATH: 
  /Users/travisbumgarner/google-cloud-sdk/bin:/Users/travisbumgarner/.nvm/versions/node/v16.17.0/bin:/Users/travisbumgarner/Library/Python/3.8/bin:/opt/homebrew/bin:/opt/homebrew/sbin:/usr/local/bin:/usr/bin:/bin:/usr/sbin:/sbin:/Users/travisbumgarner/Envs/photos21/bin:/Users/travisbumgarner/google-cloud-sdk/bin:/Users/travisbumgarner/.nvm/versions/node/v16.17.0/bin:/Users/travisbumgarner/Library/Python/3.8/bin:/opt/homebrew/bin:/opt/homebrew/sbin

Yarn version: 
  1.22.19

Node version: 
  16.17.0

Platform: 
  darwin arm64

Trace: 
  SyntaxError: /Users/travisbumgarner/Programming/photo20/load_photos_with_Js/package.json: Unexpected token } in JSON at position 151
      at JSON.parse (<anonymous>)
      at /Users/travisbumgarner/.nvm/versions/node/v16.17.0/lib/node_modules/yarn/lib/cli.js:1629:59
      at Generator.next (<anonymous>)
      at step (/Users/travisbumgarner/.nvm/versions/node/v16.17.0/lib/node_modules/yarn/lib/cli.js:310:30)
      at /Users/travisbumgarner/.nvm/versions/node/v16.17.0/lib/node_modules/yarn/lib/cli.js:321:13

npm manifest: 
  {
    "name": "load_photos",
    "author": "Travis Bumgarner",
    "scripts": {
      "sd-reload": "ts-node-dev ./index.ts",
      "sd": "ts-node ./index.ts",
    },
    "keywords": [],
    "license": "ISC",
    "dependencies": {
      "exifr": "^7.1.3"
    },
    "devDependencies": {
      "@types/express": "^4.17.13",
      "ts-node-dev": "^2.0.0",
      "ts-node": "^10.9.1",
      "typescript": "^4.8.3"
    }
  }

yarn manifest: 
  No manifest

Lockfile: 
  # THIS IS AN AUTOGENERATED FILE. DO NOT EDIT THIS FILE DIRECTLY.
  # yarn lockfile v1
  
  
  debug@^2.2:
    version "2.6.9"
    resolved "https://registry.yarnpkg.com/debug/-/debug-2.6.9.tgz#5d128515df134ff327e90a4c93f4e077a536341f"
    integrity sha512-bC7ElrdJaJnPbAP+1EotYvqZsb3ecl5wi6Bfi6BJTUcNowp6cvspg0jXznRTKDjm/E7AdgFBVeAPVMNcKGsHMA==
    dependencies:
      ms "2.0.0"
  
  exif-js@^2.3.0:
    version "2.3.0"
    resolved "https://registry.yarnpkg.com/exif-js/-/exif-js-2.3.0.tgz#9d10819bf571f873813e7640241255ab9ce1a814"
    integrity sha512-1Og9pAzG2FZRVlaavH8bB8BTeHcjMdJhKmeQITkX+uLRCD0xPtKAdZ2clZmQdJ56p9adXtJ8+jwrGp/4505lYg==
  
  exif@^0.6.0:
    version "0.6.0"
    resolved "https://registry.yarnpkg.com/exif/-/exif-0.6.0.tgz#60a62668076542cb7e4f57199d4ac6f37d2c5f4a"
    integrity sha512-gEwM4uanNMfLnDNKclZ7jPEA99E3rpy4ntoS6QW8u6murZjl1o8qRaPdMoC46Syg3d9/QaET0bYKhWlTwJCPgg==
    dependencies:
      debug "^2.2"
  
  exifr@^7.1.3:
    version "7.1.3"
    resolved "https://registry.yarnpkg.com/exifr/-/exifr-7.1.3.tgz#f6218012c36dbb7d843222011b27f065fddbab6f"
    integrity sha512-g/aje2noHivrRSLbAUtBPWFbxKdKhgj/xr1vATDdUXPOFYJlQ62Ft0oy+72V6XLIpDJfHs6gXLbBLAolqOXYRw==
  
  get-exif@^1.0.2:
    version "1.0.3"
    resolved "https://registry.yarnpkg.com/get-exif/-/get-exif-1.0.3.tgz#079cda6684507e7509612e045a207653376050c3"
    integrity sha512-Q54K34Uar3nGOCFnSBeGQRILkrpbAQhCVeNtMXNTCd/ohTC8MJViLMMieNizswE0nCD4O7rrvqWbSBdvDpT66g==
    dependencies:
      inspect-with-kind "^1.0.5"
      piexifjs "^2.0.0-beta.7"
  
  inspect-with-kind@^1.0.5:
    version "1.0.5"
    resolved "https://registry.yarnpkg.com/inspect-with-kind/-/inspect-with-kind-1.0.5.tgz#fce151d4ce89722c82ca8e9860bb96f9167c316c"
    integrity sha512-MAQUJuIo7Xqk8EVNP+6d3CKq9c80hi4tjIbIAT6lmGW9W6WzlHiu9PS8uSuUYU+Do+j1baiFp3H25XEVxDIG2g==
    dependencies:
      kind-of "^6.0.2"
  
  kind-of@^6.0.2:
    version "6.0.3"
    resolved "https://registry.yarnpkg.com/kind-of/-/kind-of-6.0.3.tgz#07c05034a6c349fa06e24fa35aa76db4580ce4dd"
    integrity sha512-dcS1ul+9tmeD95T+x28/ehLgd9mENa3LsvDTtzm3vyBEO7RPptvAD+t44WVXaUjTBRcrpFeFlC8WCruUR456hw==
  
  ms@2.0.0:
    version "2.0.0"
    resolved "https://registry.yarnpkg.com/ms/-/ms-2.0.0.tgz#5608aeadfc00be6c2901df5f9861788de0d597c8"
    integrity sha512-Tpp60P6IUJDTuOq/5Z8cdskzJujfwqfOTkrwIwj7IRISpnkJnT6SyJ4PCPnGMoFjC9ddhal5KVIYtAt97ix05A==
  
  node-exif@^1.0.1:
    version "1.0.1"
    resolved "https://registry.yarnpkg.com/node-exif/-/node-exif-1.0.1.tgz#31039d78a6f43165cb8fa3abffd44b22005e35a5"
    integrity sha512-UyA+OzR6vSO3mlUM4geY6VLTsEBJTOyxv5wcFn2q8Ig/DqPC5HwnNiiNKX57d0YY0dUbO/OUGr8oTlBF57kzag==
    dependencies:
      debug "^2.2"
  
  piexifjs@^2.0.0-beta.7:
    version "2.0.0-beta.9"
    resolved "https://registry.yarnpkg.com/piexifjs/-/piexifjs-2.0.0-beta.9.tgz#afffe0cfcb3c0df80b34385c06d95630afd1aae7"
    integrity sha512-9rOSOs1k2QQr2W0gtiEQnRR3nofAkpiiOZxpV7KGQDKHT3TkmXFCSFRSr++EEHiGVOHYQP45Mddsogbif9H//Q==
  
  read-exif@^1.0.0:
    version "1.0.0"
    resolved "https://registry.yarnpkg.com/read-exif/-/read-exif-1.0.0.tgz#4f1f454c6cdcac5ce88a6bbccab771c15d9d7a9d"
    integrity sha512-o9oYmi2FyR9l3ubJTqR9iGmVqGCCys4ES5a4Y1bnhTkRrBcmRS6PmBTm51OqXah59uyuNWX1N/+SK63vQHf+7g==
    dependencies:
      get-exif "^1.0.2"
  
  sax@^1.2.1:
    version "1.2.4"
    resolved "https://registry.yarnpkg.com/sax/-/sax-1.2.4.tgz#2816234e2378bddc4e5354fab5caa895df7100d9"
    integrity sha512-NqVDv9TpANUjFm0N8uM5GxL36UgKi9/atZw+x7YFnQ8ckwFGKrl4xX4yWtrey3UJm5nP1kUbnYgLopqWNSRhWw==
  
  xmp-js@^0.0.5:
    version "0.0.5"
    resolved "https://registry.yarnpkg.com/xmp-js/-/xmp-js-0.0.5.tgz#a88ecd56a663836c2c6a6f514691b238b22a2a23"
    integrity sha512-nKMrMtw9FDxD6KQd6ErXPPpCv8ODc7Dhh5j76OkjOe4SOv3nwgMAiJ+P1JqCIH39BcvytLwmtIrEm+tvNLBajg==
  
  xmp-reader@^0.0.3:
    version "0.0.3"
    resolved "https://registry.yarnpkg.com/xmp-reader/-/xmp-reader-0.0.3.tgz#113d6cddc9ce71b6b645d1e0d5ba3e0737ef2266"
    integrity sha512-6mUUwjfr8/9VjswaUItgMeROQDV4dtUlZrtD85exE2ETdK0jKSmjNOP2EjFfomSoehAuL9LhVNRbKTqWW8TvLg==
    dependencies:
      sax "^1.2.1"
